<?xml version="1.0" encoding="utf-8"?><testsuites name="pytest tests"><testsuite name="pytest" errors="0" failures="0" skipped="0" tests="6" time="0.660" timestamp="2026-01-22T17:12:20.894897+00:00" hostname="agent-env-6a5c8915-74a5-4415-8948-4ded70045f7f"><testcase classname="backend.tests.test_group_management.TestOwnerCannotLeave" name="test_owner_leave_returns_error" time="0.080" /><testcase classname="backend.tests.test_group_management.TestNonOwnerCanLeave" name="test_non_owner_join_and_leave" time="0.084" /><testcase classname="backend.tests.test_group_management.TestOwnerCanDeleteGroup" name="test_create_and_delete_group" time="0.128" /><testcase classname="backend.tests.test_group_management.TestDeleteGroupRemovesEvents" name="test_delete_group_removes_events" time="0.193" /><testcase classname="backend.tests.test_group_management.TestNonOwnerCannotDeleteGroup" name="test_non_owner_delete_returns_403" time="0.036" /><testcase classname="backend.tests.test_group_management.TestGroupOwnerDetermination" name="test_owner_is_first_admin" time="0.079" /></testsuite></testsuites>