<?xml version="1.0" encoding="utf-8"?><testsuites name="pytest tests"><testsuite name="pytest" errors="0" failures="0" skipped="0" tests="8" time="1.196" timestamp="2026-01-25T19:25:01.609144+00:00" hostname="agent-env-e6c572b2-2792-435e-bf26-13f138a347d3"><testcase classname="tests.test_prime_group_and_events.TestPrimeGroupFeature" name="test_get_user_profile_has_prime_group_id_field" time="0.166" /><testcase classname="tests.test_prime_group_and_events.TestPrimeGroupFeature" name="test_set_prime_group_requires_membership" time="0.051" /><testcase classname="tests.test_prime_group_and_events.TestPrimeGroupFeature" name="test_set_prime_group_success" time="0.172" /><testcase classname="tests.test_prime_group_and_events.TestPrimeGroupFeature" name="test_unset_prime_group" time="0.134" /><testcase classname="tests.test_prime_group_and_events.TestEventEditing" name="test_create_event" time="0.085" /><testcase classname="tests.test_prime_group_and_events.TestEventEditing" name="test_edit_event_by_creator" time="0.173" /><testcase classname="tests.test_prime_group_and_events.TestEventEditing" name="test_edit_event_by_non_creator_fails" time="0.157" /><testcase classname="tests.test_prime_group_and_events.TestEventEditing" name="test_delete_event_by_creator" time="0.170" /></testsuite></testsuites>