<?xml version="1.0" encoding="utf-8"?><testsuites name="pytest tests"><testsuite name="pytest" errors="0" failures="0" skipped="0" tests="14" time="2.440" timestamp="2026-01-25T18:11:22.613582+00:00" hostname="agent-env-a9b29633-d8d1-4f04-a0c0-0c5b2b881a5f"><testcase classname="tests.test_notifications.TestNotificationEndpoints" name="test_subscribe_to_notifications" time="0.463" /><testcase classname="tests.test_notifications.TestNotificationEndpoints" name="test_unsubscribe_from_notifications" time="0.079" /><testcase classname="tests.test_notifications.TestNotificationEndpoints" name="test_get_notification_status" time="0.044" /><testcase classname="tests.test_notifications.TestNotificationEndpoints" name="test_get_notifications_list" time="0.041" /><testcase classname="tests.test_notifications.TestNotificationEndpoints" name="test_mark_notifications_read" time="0.079" /><testcase classname="tests.test_notifications.TestNotificationEndpoints" name="test_get_unread_count" time="0.036" /><testcase classname="tests.test_notifications.TestNotificationEndpoints" name="test_status_after_subscribe" time="0.078" /><testcase classname="tests.test_notifications.TestNotificationEndpoints" name="test_status_after_unsubscribe" time="0.112" /><testcase classname="tests.test_notifications.TestEventNotifications" name="test_event_creation_sends_notifications" time="0.508" /><testcase classname="tests.test_notifications.TestNotificationAuth" name="test_subscribe_requires_auth" time="0.037" /><testcase classname="tests.test_notifications.TestNotificationAuth" name="test_unsubscribe_requires_auth" time="0.036" /><testcase classname="tests.test_notifications.TestNotificationAuth" name="test_status_requires_auth" time="0.037" /><testcase classname="tests.test_notifications.TestNotificationAuth" name="test_notifications_list_requires_auth" time="0.039" /><testcase classname="tests.test_notifications.TestNotificationAuth" name="test_mark_read_requires_auth" time="0.767" /></testsuite></testsuites>