<?xml version="1.0" encoding="utf-8"?><testsuites name="pytest tests"><testsuite name="pytest" errors="0" failures="0" skipped="0" tests="13" time="68.859" timestamp="2026-01-22T17:49:25.380304+00:00" hostname="agent-env-6a5c8915-74a5-4415-8948-4ded70045f7f"><testcase classname="backend.tests.test_points_and_medals.TestTrashListFiltering" name="test_trash_list_excludes_test_data_by_default" time="0.076" /><testcase classname="backend.tests.test_points_and_medals.TestTrashListFiltering" name="test_trash_list_includes_test_data_with_flag" time="0.048" /><testcase classname="backend.tests.test_points_and_medals.TestReducedPointValues" name="test_report_trash_awards_5_points" time="5.699" /><testcase classname="backend.tests.test_points_and_medals.TestReducedPointValues" name="test_collect_trash_awards_15_to_25_points" time="10.903" /><testcase classname="backend.tests.test_points_and_medals.TestReducedPointValues" name="test_area_clean_awards_2_points_per_100sqm" time="0.110" /><testcase classname="backend.tests.test_points_and_medals.TestAdminResetPoints" name="test_reset_points_to_zero" time="0.093" /><testcase classname="backend.tests.test_points_and_medals.TestAdminResetPoints" name="test_reset_points_custom_values" time="0.111" /><testcase classname="backend.tests.test_points_and_medals.TestAdminResetPoints" name="test_reset_points_clear_medals" time="0.071" /><testcase classname="backend.tests.test_points_and_medals.TestAdminResetPoints" name="test_reset_points_requires_admin" time="0.037" /><testcase classname="backend.tests.test_points_and_medals.TestMedalThresholds" name="test_medal_thresholds_in_code" time="51.469" /><testcase classname="backend.tests.test_points_and_medals.TestAPIEndpointStatus" name="test_api_root" time="0.056" /><testcase classname="backend.tests.test_points_and_medals.TestAPIEndpointStatus" name="test_auth_me_with_token" time="0.080" /><testcase classname="backend.tests.test_points_and_medals.TestAPIEndpointStatus" name="test_admin_users_list" time="0.039" /></testsuite></testsuites>