<?xml version="1.0" encoding="utf-8"?><testsuites name="pytest tests"><testsuite name="pytest" errors="0" failures="1" skipped="1" tests="17" time="0.900" timestamp="2026-01-22T17:27:09.521688+00:00" hostname="agent-env-6a5c8915-74a5-4415-8948-4ded70045f7f"><testcase classname="backend.tests.test_admin_enhancements.TestPendingCount" name="test_pending_count_returns_counts" time="0.067" /><testcase classname="backend.tests.test_admin_enhancements.TestPendingCount" name="test_pending_count_requires_admin" time="0.038" /><testcase classname="backend.tests.test_admin_enhancements.TestPendingCollections" name="test_pending_collections_list" time="0.050" /><testcase classname="backend.tests.test_admin_enhancements.TestPendingCollections" name="test_pending_collections_requires_admin" time="0.039" /><testcase classname="backend.tests.test_admin_enhancements.TestBanUnbanUser" name="test_ban_user_requires_admin" time="0.045" /><testcase classname="backend.tests.test_admin_enhancements.TestBanUnbanUser" name="test_unban_user_requires_admin" time="0.083" /><testcase classname="backend.tests.test_admin_enhancements.TestBanUnbanUser" name="test_ban_user_endpoint_exists" time="0.042" /><testcase classname="backend.tests.test_admin_enhancements.TestBanUnbanUser" name="test_unban_user_endpoint_exists" time="0.082" /><testcase classname="backend.tests.test_admin_enhancements.TestDeleteTrashReport" name="test_delete_trash_report_requires_admin" time="0.036" /><testcase classname="backend.tests.test_admin_enhancements.TestDeleteTrashReport" name="test_delete_nonexistent_report_returns_404" time="0.056" /><testcase classname="backend.tests.test_admin_enhancements.TestCollectionApproval" name="test_approve_collection_requires_admin" time="0.036" /><testcase classname="backend.tests.test_admin_enhancements.TestCollectionApproval" name="test_approve_nonexistent_collection_returns_404" time="0.035" /><testcase classname="backend.tests.test_admin_enhancements.TestCollectionRejection" name="test_reject_collection_requires_admin" time="0.036" /><testcase classname="backend.tests.test_admin_enhancements.TestCollectionRejection" name="test_reject_nonexistent_collection_returns_404" time="0.038" /><testcase classname="backend.tests.test_admin_enhancements.TestTrashCollectionFlow" name="test_collect_trash_creates_pending_collection" time="0.036"><skipped type="pytest.skip" message="No reported trash items available for testing">/app/backend/tests/test_admin_enhancements.py:196: No reported trash items available for testing</skipped></testcase><testcase classname="backend.tests.test_admin_enhancements.TestAdminUsersEndpoint" name="test_admin_users_shows_banned_status" time="0.035"><failure message="AssertionError: is_banned field missing from user user_5f414c29c917&#10;assert 'is_banned' in {'created_at': '2026-01-22T14:36:24.953000', 'email': 'stephanj.thurm@gmail.com', 'is_admin': True, 'joined_groups': ['group_058ea88fb393'], ...}">backend/tests/test_admin_enhancements.py:240: in test_admin_users_shows_banned_status
    assert "is_banned" in user, f"is_banned field missing from user {user.get('user_id')}"
E   AssertionError: is_banned field missing from user user_5f414c29c917
E   assert 'is_banned' in {'created_at': '2026-01-22T14:36:24.953000', 'email': 'stephanj.thurm@gmail.com', 'is_admin': True, 'joined_groups': ['group_058ea88fb393'], ...}</failure></testcase><testcase classname="backend.tests.test_admin_enhancements.TestExistingTrashReports" name="test_trash_reports_have_admin_verified_field" time="0.038" /></testsuite></testsuites>