<?xml version="1.0" encoding="utf-8"?><testsuites name="pytest tests"><testsuite name="pytest" errors="0" failures="0" skipped="0" tests="8" time="27.510" timestamp="2026-01-22T22:04:42.024102+00:00" hostname="agent-env-a9b29633-d8d1-4f04-a0c0-0c5b2b881a5f"><testcase classname="backend.tests.test_points_system_v5.TestTrashReportPoints" name="test_report_trash_returns_5_points" time="5.087" /><testcase classname="backend.tests.test_points_system_v5.TestTrashCollectPoints" name="test_collect_trash_returns_20_points_pending" time="10.751" /><testcase classname="backend.tests.test_points_system_v5.TestAdminResetPointsForAllUsers" name="test_reset_points_for_regular_user" time="0.059" /><testcase classname="backend.tests.test_points_system_v5.TestAdminResetPointsForAllUsers" name="test_reset_points_for_admin_user" time="0.449" /><testcase classname="backend.tests.test_points_system_v5.TestAdminResetPointsForAllUsers" name="test_reset_points_for_self_admin" time="0.037" /><testcase classname="backend.tests.test_points_system_v5.TestDeleteTrashReportDeductsPoints" name="test_delete_report_deducts_reporter_points" time="4.858" /><testcase classname="backend.tests.test_points_system_v5.TestAdminEndpointSecurity" name="test_reset_points_requires_admin" time="0.045" /><testcase classname="backend.tests.test_points_system_v5.TestAdminEndpointSecurity" name="test_delete_report_requires_admin" time="6.145" /></testsuite></testsuites>