<?xml version="1.0" encoding="utf-8"?><testsuites name="pytest tests"><testsuite name="pytest" errors="0" failures="0" skipped="0" tests="13" time="0.687" timestamp="2026-01-23T16:31:58.417315+00:00" hostname="agent-env-a9b29633-d8d1-4f04-a0c0-0c5b2b881a5f"><testcase classname="backend.tests.test_new_features_v6.TestRankingsAPI" name="test_weekly_user_rankings_returns_max_10" time="0.077" /><testcase classname="backend.tests.test_new_features_v6.TestRankingsAPI" name="test_weekly_user_rankings_excludes_banned_users" time="0.043" /><testcase classname="backend.tests.test_new_features_v6.TestRankingsAPI" name="test_weekly_user_rankings_sorted_by_points" time="0.040" /><testcase classname="backend.tests.test_new_features_v6.TestRankingsAPI" name="test_weekly_group_rankings_returns_max_10" time="0.043" /><testcase classname="backend.tests.test_new_features_v6.TestProfileUpdateAPI" name="test_profile_update_requires_auth" time="0.037" /><testcase classname="backend.tests.test_new_features_v6.TestProfileUpdateAPI" name="test_profile_update_rejects_empty_name" time="0.042" /><testcase classname="backend.tests.test_new_features_v6.TestAPIEndpoints" name="test_api_root" time="0.041" /><testcase classname="backend.tests.test_new_features_v6.TestAPIEndpoints" name="test_trash_list_endpoint" time="0.037" /><testcase classname="backend.tests.test_new_features_v6.TestAPIEndpoints" name="test_groups_list_endpoint" time="0.038" /><testcase classname="backend.tests.test_new_features_v6.TestAPIEndpoints" name="test_weekly_stats_endpoint" time="0.080" /><testcase classname="backend.tests.test_new_features_v6.TestAPIEndpoints" name="test_heatmap_data_endpoint" time="0.039" /><testcase classname="backend.tests.test_new_features_v6.TestAuthEndpoints" name="test_auth_me_requires_session" time="0.038" /><testcase classname="backend.tests.test_new_features_v6.TestAuthEndpoints" name="test_logout_endpoint" time="0.049" /></testsuite></testsuites>