<?xml version="1.0" encoding="utf-8"?><testsuites name="pytest tests"><testsuite name="pytest" errors="0" failures="3" skipped="4" tests="38" time="2.274" timestamp="2026-01-22T17:30:05.134156+00:00" hostname="agent-env-6a5c8915-74a5-4415-8948-4ded70045f7f"><testcase classname="backend.tests.test_admin_and_events.TestAuthMe" name="test_auth_me_returns_is_admin_true" time="0.064" /><testcase classname="backend.tests.test_admin_and_events.TestUpcomingEvents" name="test_upcoming_events_returns_future_events" time="0.040"><failure message="AssertionError: Future test event not found in upcoming events&#10;assert 0 &gt; 0&#10; +  where 0 = len([])">backend/tests/test_admin_and_events.py:49: in test_upcoming_events_returns_future_events
    assert len(future_events) &gt; 0, "Future test event not found in upcoming events"
E   AssertionError: Future test event not found in upcoming events
E   assert 0 &gt; 0
E    +  where 0 = len([])</failure></testcase><testcase classname="backend.tests.test_admin_and_events.TestAdminUsers" name="test_admin_users_list" time="0.040" /><testcase classname="backend.tests.test_admin_and_events.TestAdminUsers" name="test_admin_users_requires_auth" time="0.081" /><testcase classname="backend.tests.test_admin_and_events.TestAdminTrashReports" name="test_trash_list_returns_reports" time="0.036" /><testcase classname="backend.tests.test_admin_and_events.TestAdminPendingAreas" name="test_pending_areas_list" time="0.039" /><testcase classname="backend.tests.test_admin_and_events.TestAdminPendingAreas" name="test_pending_areas_requires_admin" time="0.039" /><testcase classname="backend.tests.test_admin_and_events.TestEventDeletion" name="test_event_deletion_endpoint_exists" time="0.039" /><testcase classname="backend.tests.test_admin_and_events.TestEventDeletion" name="test_group_events_list" time="0.080" /><testcase classname="backend.tests.test_admin_and_events.TestGroupDetails" name="test_group_details" time="0.077" /><testcase classname="backend.tests.test_admin_e2e.TestE2ETrashCollectionApproval" name="test_full_collection_approval_flow" time="0.071"><skipped type="pytest.skip" message="No reported trash items available for testing">/app/backend/tests/test_admin_e2e.py:42: No reported trash items available for testing</skipped></testcase><testcase classname="backend.tests.test_admin_e2e.TestE2ECollectionRejection" name="test_collection_rejection_reverts_status" time="0.033"><skipped type="pytest.skip" message="No reported trash items available for testing">/app/backend/tests/test_admin_e2e.py:120: No reported trash items available for testing</skipped></testcase><testcase classname="backend.tests.test_admin_e2e.TestE2EBanUnbanUser" name="test_ban_user_deletes_sessions" time="0.195" /><testcase classname="backend.tests.test_admin_e2e.TestE2EDeleteTrashWithPointsDeduction" name="test_delete_report_deducts_reporter_points" time="0.073"><skipped type="pytest.skip" message="No trash report by admin user available for testing">/app/backend/tests/test_admin_e2e.py:247: No trash report by admin user available for testing</skipped></testcase><testcase classname="backend.tests.test_admin_e2e.TestPendingCountAccuracy" name="test_pending_count_matches_actual" time="0.108" /><testcase classname="backend.tests.test_admin_enhancements.TestPendingCount" name="test_pending_count_returns_counts" time="0.035" /><testcase classname="backend.tests.test_admin_enhancements.TestPendingCount" name="test_pending_count_requires_admin" time="0.039" /><testcase classname="backend.tests.test_admin_enhancements.TestPendingCollections" name="test_pending_collections_list" time="0.035" /><testcase classname="backend.tests.test_admin_enhancements.TestPendingCollections" name="test_pending_collections_requires_admin" time="0.034" /><testcase classname="backend.tests.test_admin_enhancements.TestBanUnbanUser" name="test_ban_user_requires_admin" time="0.034" /><testcase classname="backend.tests.test_admin_enhancements.TestBanUnbanUser" name="test_unban_user_requires_admin" time="0.037" /><testcase classname="backend.tests.test_admin_enhancements.TestBanUnbanUser" name="test_ban_user_endpoint_exists" time="0.039" /><testcase classname="backend.tests.test_admin_enhancements.TestBanUnbanUser" name="test_unban_user_endpoint_exists" time="0.037" /><testcase classname="backend.tests.test_admin_enhancements.TestDeleteTrashReport" name="test_delete_trash_report_requires_admin" time="0.039" /><testcase classname="backend.tests.test_admin_enhancements.TestDeleteTrashReport" name="test_delete_nonexistent_report_returns_404" time="0.037" /><testcase classname="backend.tests.test_admin_enhancements.TestCollectionApproval" name="test_approve_collection_requires_admin" time="0.037" /><testcase classname="backend.tests.test_admin_enhancements.TestCollectionApproval" name="test_approve_nonexistent_collection_returns_404" time="0.039" /><testcase classname="backend.tests.test_admin_enhancements.TestCollectionRejection" name="test_reject_collection_requires_admin" time="0.035" /><testcase classname="backend.tests.test_admin_enhancements.TestCollectionRejection" name="test_reject_nonexistent_collection_returns_404" time="0.034" /><testcase classname="backend.tests.test_admin_enhancements.TestTrashCollectionFlow" name="test_collect_trash_creates_pending_collection" time="0.036"><skipped type="pytest.skip" message="No reported trash items available for testing">/app/backend/tests/test_admin_enhancements.py:196: No reported trash items available for testing</skipped></testcase><testcase classname="backend.tests.test_admin_enhancements.TestAdminUsersEndpoint" name="test_admin_users_shows_banned_status" time="0.038" /><testcase classname="backend.tests.test_admin_enhancements.TestExistingTrashReports" name="test_trash_reports_have_admin_verified_field" time="0.036" /><testcase classname="backend.tests.test_group_management.TestOwnerCannotLeave" name="test_owner_leave_returns_error" time="0.038" /><testcase classname="backend.tests.test_group_management.TestNonOwnerCanLeave" name="test_non_owner_join_and_leave" time="0.034"><failure message="AssertionError: Join failed: 401&#10;assert 401 in [200, 400]&#10; +  where 401 = &lt;Response [401]&gt;.status_code">backend/tests/test_group_management.py:56: in test_non_owner_join_and_leave
    assert join_response.status_code in [200, 400], f"Join failed: {join_response.status_code}"
E   AssertionError: Join failed: 401
E   assert 401 in [200, 400]
E    +  where 401 = &lt;Response [401]&gt;.status_code</failure></testcase><testcase classname="backend.tests.test_group_management.TestOwnerCanDeleteGroup" name="test_create_and_delete_group" time="0.160" /><testcase classname="backend.tests.test_group_management.TestDeleteGroupRemovesEvents" name="test_delete_group_removes_events" time="0.223" /><testcase classname="backend.tests.test_group_management.TestNonOwnerCannotDeleteGroup" name="test_non_owner_delete_returns_403" time="0.042"><failure message="AssertionError: Expected 403, got 401&#10;assert 401 == 403&#10; +  where 401 = &lt;Response [401]&gt;.status_code">backend/tests/test_group_management.py:160: in test_non_owner_delete_returns_403
    assert response.status_code == 403, f"Expected 403, got {response.status_code}"
E   AssertionError: Expected 403, got 401
E   assert 401 == 403
E    +  where 401 = &lt;Response [401]&gt;.status_code</failure></testcase><testcase classname="backend.tests.test_group_management.TestGroupOwnerDetermination" name="test_owner_is_first_admin" time="0.035" /></testsuite></testsuites>