<?xml version="1.0" encoding="utf-8"?><testsuites name="pytest tests"><testsuite name="pytest" errors="0" failures="0" skipped="0" tests="11" time="3.415" timestamp="2026-01-25T19:53:56.452452+00:00" hostname="agent-env-e6c572b2-2792-435e-bf26-13f138a347d3"><testcase classname="backend.tests.test_simplified_groups.TestUserModelNoPrimeGroup" name="test_get_user_profile_no_prime_group_id" time="2.354" /><testcase classname="backend.tests.test_simplified_groups.TestUserModelNoPrimeGroup" name="test_auth_me_no_prime_group_id" time="0.013" /><testcase classname="backend.tests.test_simplified_groups.TestUpdateProfileNoPrimeGroup" name="test_update_profile_ignores_prime_group_id" time="0.051" /><testcase classname="backend.tests.test_simplified_groups.TestUpdateProfileNoPrimeGroup" name="test_update_profile_only_name_and_picture" time="0.019" /><testcase classname="backend.tests.test_simplified_groups.TestMultipleGroupMembership" name="test_join_multiple_groups" time="0.161" /><testcase classname="backend.tests.test_simplified_groups.TestMultipleGroupMembership" name="test_leave_group_still_member_of_others" time="0.099" /><testcase classname="backend.tests.test_simplified_groups.TestGroupEventsForDashboard" name="test_get_group_events" time="0.091" /><testcase classname="backend.tests.test_simplified_groups.TestGroupEventsForDashboard" name="test_upcoming_events_endpoint" time="0.047" /><testcase classname="backend.tests.test_simplified_groups.TestGroupCardData" name="test_group_has_picture_and_member_count" time="0.024" /><testcase classname="backend.tests.test_simplified_groups.TestGroupCardData" name="test_list_groups_returns_all_fields" time="0.010" /><testcase classname="backend.tests.test_simplified_groups.TestCleanup" name="test_cleanup_test_data" time="0.382" /></testsuite></testsuites>