<?xml version="1.0" encoding="utf-8"?><testsuites name="pytest tests"><testsuite name="pytest" errors="0" failures="0" skipped="0" tests="10" time="0.460" timestamp="2026-01-22T16:59:46.390117+00:00" hostname="agent-env-6a5c8915-74a5-4415-8948-4ded70045f7f"><testcase classname="backend.tests.test_admin_and_events.TestAuthMe" name="test_auth_me_returns_is_admin_true" time="0.056" /><testcase classname="backend.tests.test_admin_and_events.TestUpcomingEvents" name="test_upcoming_events_returns_future_events" time="0.037" /><testcase classname="backend.tests.test_admin_and_events.TestAdminUsers" name="test_admin_users_list" time="0.037" /><testcase classname="backend.tests.test_admin_and_events.TestAdminUsers" name="test_admin_users_requires_auth" time="0.039" /><testcase classname="backend.tests.test_admin_and_events.TestAdminTrashReports" name="test_trash_list_returns_reports" time="0.039" /><testcase classname="backend.tests.test_admin_and_events.TestAdminPendingAreas" name="test_pending_areas_list" time="0.042" /><testcase classname="backend.tests.test_admin_and_events.TestAdminPendingAreas" name="test_pending_areas_requires_admin" time="0.035" /><testcase classname="backend.tests.test_admin_and_events.TestEventDeletion" name="test_event_deletion_endpoint_exists" time="0.042" /><testcase classname="backend.tests.test_admin_and_events.TestEventDeletion" name="test_group_events_list" time="0.032" /><testcase classname="backend.tests.test_admin_and_events.TestGroupDetails" name="test_group_details" time="0.036" /></testsuite></testsuites>